<?xml version="1.0" encoding="UTF-8"?>
<testsuite name="com.invoiceCab.InvoiceGeneratorTest" tests="1" skipped="0" failures="0" errors="0" timestamp="2020-07-10T20:46:03" hostname="KAJAL-LAPTOP" time="0.004">
  <properties/>
  <testcase name="givenUserIdAndRides_shouldReturnInvoiceSummary" classname="com.invoiceCab.InvoiceGeneratorTest" time="0.004"/>
  <system-out><![CDATA[]]></system-out>
  <system-err><![CDATA[]]></system-err>
</testsuite>
