<?xml version="1.0" encoding="UTF-8"?>
<testsuite name="com.invoiceCab.InvoiceGeneratorTest" tests="5" skipped="0" failures="0" errors="0" timestamp="2020-07-10T21:10:17" hostname="KAJAL-LAPTOP" time="0.017">
  <properties/>
  <testcase name="givenLessDistanceAndTime_ShouldReturnMinimumFare" classname="com.invoiceCab.InvoiceGeneratorTest" time="0.005"/>
  <testcase name="givenMultipleRides_ShouldReturnTotalFare" classname="com.invoiceCab.InvoiceGeneratorTest" time="0.01"/>
  <testcase name="givenCategories_WhenRideList_ShouldReturnInvoiceSummary" classname="com.invoiceCab.InvoiceGeneratorTest" time="0.001"/>
  <testcase name="givenUserIdAndRides_shouldReturnInvoiceSummary" classname="com.invoiceCab.InvoiceGeneratorTest" time="0.0"/>
  <testcase name="givenDistanceAndTime_ShouldReturnTotalFare" classname="com.invoiceCab.InvoiceGeneratorTest" time="0.0"/>
  <system-out><![CDATA[]]></system-out>
  <system-err><![CDATA[]]></system-err>
</testsuite>
