<?xml version="1.0" encoding="UTF-8"?>
<testsuite name="com.invoiceCab.InvoiceGeneratorTest" tests="1" skipped="0" failures="0" errors="0" timestamp="2020-07-10T20:21:38" hostname="KAJAL-LAPTOP" time="0.002">
  <properties/>
  <testcase name="givenMultipleRides_ShouldReturnTotalFare" classname="com.invoiceCab.InvoiceGeneratorTest" time="0.002"/>
  <system-out><![CDATA[]]></system-out>
  <system-err><![CDATA[]]></system-err>
</testsuite>
